2026-03-28 18:41:55,440 - INFO - MyTimeLogger 日志系统初始化完成。
2026-03-28 19:48:42,065 - INFO - MyTimeLogger 日志系统初始化完成。
2026-03-28 19:48:42,345 - INFO - [MySQL] 正在后台建立远程连接并自检表结构...
2026-03-28 19:48:48,401 - INFO - [MySQL] 远程数据库连接成功，镜像同步已就绪。
2026-03-28 19:59:02,463 - INFO - MyTimeLogger 日志系统初始化完成。
2026-03-28 19:59:02,759 - INFO - [MySQL] 正在后台建立远程连接并自检表结构...
2026-03-28 19:59:09,740 - INFO - [MySQL] 远程数据库连接成功，镜像同步已就绪。
2026-03-28 20:01:40,170 - INFO - [MySQL] 正在将专注记录同步至云端...
2026-03-28 20:01:47,539 - INFO - [MySQL] 镜像同步完成。
2026-03-28 20:04:26,030 - INFO - MyTimeLogger 日志系统初始化完成。
2026-03-28 20:04:26,328 - INFO - [MySQL] 正在后台建立远程连接并自检表结构...
2026-03-28 20:04:36,023 - INFO - [MySQL] 远程数据库连接成功，镜像同步已就绪。
2026-03-28 20:05:05,722 - INFO - MyTimeLogger 日志系统初始化完成。
2026-03-28 20:05:06,014 - INFO - [MySQL] 正在后台建立远程连接并自检表结构...
2026-03-28 20:05:07,633 - INFO - 开始第 1 轮学习。预设时长: 30s
2026-03-28 20:05:12,232 - INFO - [MySQL] 远程数据库连接成功，镜像同步已就绪。
2026-03-28 20:05:24,936 - INFO - 计时器已暂停。状态: studying
2026-03-28 20:05:32,429 - INFO - 记录暂停原因: + 111111
+ 2232323
2026-03-28 20:05:48,922 - INFO - 计时器已恢复。暂停时长: 23秒, 原因: + 111111
+ 2232323
2026-03-28 20:06:10,880 - INFO - 开始第 2 轮学习。预设时长: 30s
2026-03-28 20:06:46,005 - INFO - 大专注会话已提交! 纯时长: 60s, 暂停: 1次, 摘要: + 456456456
+...
2026-03-28 20:06:46,005 - INFO - [MySQL] 正在将专注记录同步至云端...
2026-03-28 20:06:53,015 - INFO - [MySQL] 镜像同步完成。
2026-03-28 22:35:05,749 - INFO - MyTimeLogger 日志系统初始化完成。
2026-03-28 22:35:06,042 - INFO - [MySQL] 正在后台建立远程连接并自检表结构...
2026-03-28 22:35:08,855 - INFO - 开始第 1 轮学习。预设时长: 30s
2026-03-28 22:35:13,021 - INFO - [MySQL] 远程数据库连接成功，镜像同步已就绪。
2026-03-28 22:35:15,792 - INFO - 计时器已暂停。状态: studying
2026-03-28 22:35:30,102 - INFO - 记录暂停原因: 无
2026-03-28 22:35:37,341 - INFO - 计时器已恢复。暂停时长: 21秒, 原因: 无
2026-03-28 22:36:09,340 - INFO - 开始第 2 轮学习。预设时长: 30s
2026-03-28 22:36:46,667 - INFO - 大专注会话已提交! 纯时长: 60s, 暂停: 1次, 摘要: + 11111...
2026-03-28 22:36:46,667 - INFO - [MySQL] 正在将专注记录同步至云端...
2026-03-28 22:36:52,064 - INFO - [MySQL] 镜像同步完成。
